<?xml version="1.0" encoding="UTF-8"?>
<!-- Generated by org.testng.reporters.JUnitReportReporter -->
<testsuite hostname="DESKTOP-92EDAN7" failures="0" tests="2" name="com.swaglabs.test.scripts.SmokeTests" time="6.150" errors="0" timestamp="2021-11-16T12:43:57 EST" skipped="0">
  <testcase classname="com.swaglabs.test.scripts.SmokeTests" name="testLogin" time="0.564"/>
  <system-out/>
  <testcase classname="com.swaglabs.test.scripts.SmokeTests" name="selectItem" time="5.586"/>
  <system-out/>
</testsuite> <!-- com.swaglabs.test.scripts.SmokeTests -->
