<?xml version="1.0" encoding="UTF-8"?>
<!-- Generated by org.testng.reporters.JUnitReportReporter -->
<testsuite hostname="DESKTOP-92EDAN7" failures="0" tests="1" name="test_scripts.Walmart" time="7.473" errors="0" timestamp="2021-10-17T00:31:51 EDT" skipped="0">
  <testcase classname="test_scripts.Walmart" name="runTests" time="7.473"/>
  <system-out/>
</testsuite> <!-- test_scripts.Walmart -->
