<?xml version="1.0" encoding="UTF-8"?>
<!-- Generated by org.testng.reporters.JUnitReportReporter -->
<testsuite hostname="DESKTOP-92EDAN7" failures="0" tests="1" name="pages.HomePage" time="7.868" errors="0" timestamp="2021-10-16T11:54:53 EDT" skipped="0">
  <testcase classname="pages.HomePage" name="openHomePage" time="7.868"/>
  <system-out/>
</testsuite> <!-- pages.HomePage -->
