<?xml version="1.0" encoding="UTF-8"?>
<!-- Generated by org.testng.reporters.JUnitReportReporter -->
<testsuite skipped="0" hostname="DESKTOP-92EDAN7" name="com.swaglabs.test.scripts.SmokeTests" tests="2" failures="0" timestamp="2021-10-18T23:46:46 EDT" time="6.667" errors="0">
  <testcase name="testLogin" time="0.802" classname="com.swaglabs.test.scripts.SmokeTests"/>
  <system-out/>
  <testcase name="selectItem" time="5.865" classname="com.swaglabs.test.scripts.SmokeTests"/>
  <system-out/>
</testsuite> <!-- com.swaglabs.test.scripts.SmokeTests -->
